<?xml version="1.0" encoding="UTF-8"?>
<!-- Generated by org.testng.reporters.JUnitReportReporter -->
<testsuite hostname="Lenovoi5" failures="0" tests="2" name="com.inetBank.testCases.TC_loginDDT_02" time="22.106" errors="0" timestamp="2024-07-23T17:33:01 IST" skipped="0">
  <testcase classname="com.inetBank.testCases.TC_loginDDT_02" name="LoginDDT" time="10.621"/>
  <testcase classname="com.inetBank.testCases.TC_loginDDT_02" name="LoginDDT" time="11.485"/>
</testsuite> <!-- com.inetBank.testCases.TC_loginDDT_02 -->
