<?xml version="1.0" encoding="UTF-8"?>
<!-- Generated by org.testng.reporters.JUnitReportReporter -->
<testsuite hostname="Lenovoi5" failures="0" tests="1" name="com.inetBank.testCases.TC_logintest_01" time="2.588" errors="0" timestamp="2024-07-24T15:24:24 IST" skipped="0">
  <testcase classname="com.inetBank.testCases.TC_logintest_01" name="loginTest" time="2.588"/>
</testsuite> <!-- com.inetBank.testCases.TC_logintest_01 -->
